d:\vs projects\cpp\compiler\release\compiler.bsc
d:\vs projects\cpp\compiler\compiler\release\vc120.pdb
d:\vs projects\cpp\compiler\compiler\release\main.obj
d:\vs projects\cpp\compiler\compiler\release\table.obj
d:\vs projects\cpp\compiler\compiler\release\parser.obj
d:\vs projects\cpp\compiler\compiler\release\interpreter.obj
d:\vs projects\cpp\compiler\compiler\release\instruction.obj
d:\vs projects\cpp\compiler\compiler\release\error.sbr
d:\vs projects\cpp\compiler\compiler\release\instruction.sbr
d:\vs projects\cpp\compiler\compiler\release\interpreter.sbr
d:\vs projects\cpp\compiler\compiler\release\main.sbr
d:\vs projects\cpp\compiler\compiler\release\lexer.sbr
d:\vs projects\cpp\compiler\compiler\release\parser.sbr
d:\vs projects\cpp\compiler\compiler\release\table.sbr
d:\vs projects\cpp\compiler\compiler\release\lexer.obj
d:\vs projects\cpp\compiler\compiler\release\error.obj
d:\vs projects\cpp\compiler\release\compiler.exe
d:\vs projects\cpp\compiler\release\compiler.pdb
d:\vs projects\cpp\compiler\compiler\release\compiler.tlog\bscmake.command.1.tlog
d:\vs projects\cpp\compiler\compiler\release\compiler.tlog\bscmake.read.1.tlog
d:\vs projects\cpp\compiler\compiler\release\compiler.tlog\bscmake.write.1.tlog
d:\vs projects\cpp\compiler\compiler\release\compiler.tlog\cl.command.1.tlog
d:\vs projects\cpp\compiler\compiler\release\compiler.tlog\cl.read.1.tlog
d:\vs projects\cpp\compiler\compiler\release\compiler.tlog\cl.write.1.tlog
d:\vs projects\cpp\compiler\compiler\release\compiler.tlog\link.command.1.tlog
d:\vs projects\cpp\compiler\compiler\release\compiler.tlog\link.read.1.tlog
d:\vs projects\cpp\compiler\compiler\release\compiler.tlog\link.write.1.tlog
